<?xml version="1.0" encoding="UTF-8"?>
<robot generator="Robot 5.0.1 (Python 3.9.13 on win32)" generated="20221212 14:05:15.206" rpa="false" schemaversion="3">
<suite id="s1" name="Test" source="c:\Users\aandre\Desktop\DepotGit\trainPrestashop\tests\connectdisconnect\test.robot">
<test id="s1-t1" name="Testing" line="4">
<kw name="Create List" library="BuiltIn">
<var>${row_1_1}</var>
<arg>Product</arg>
<arg>Number</arg>
<arg>Price</arg>
<doc>Returns a list containing given items.</doc>
<msg timestamp="20221212 14:05:16.626" level="INFO">${row_1_1} = ['Product', 'Number', 'Price']</msg>
<status status="PASS" starttime="20221212 14:05:16.625" endtime="20221212 14:05:16.628"/>
</kw>
<kw name="Create List" library="BuiltIn">
<var>${row_1_2}</var>
<arg>Affiche encadrée The best is yet to come</arg>
<arg>3</arg>
<arg>34,80</arg>
<doc>Returns a list containing given items.</doc>
<msg timestamp="20221212 14:05:16.630" level="INFO">${row_1_2} = ['Affiche encadrée The best is yet to come', '3', '34,80']</msg>
<status status="PASS" starttime="20221212 14:05:16.629" endtime="20221212 14:05:16.630"/>
</kw>
<kw name="Create List" library="BuiltIn">
<var>${row_1_3}</var>
<arg>Illustration vectorielle Renard</arg>
<arg>2</arg>
<arg>10,80</arg>
<doc>Returns a list containing given items.</doc>
<msg timestamp="20221212 14:05:16.631" level="INFO">${row_1_3} = ['Illustration vectorielle Renard', '2', '10,80']</msg>
<status status="PASS" starttime="20221212 14:05:16.631" endtime="20221212 14:05:16.631"/>
</kw>
<kw name="Create List" library="BuiltIn">
<var>${datatable_1}</var>
<arg>${row_1_1}</arg>
<arg>${row_1_2}</arg>
<arg>${row_1_3}</arg>
<doc>Returns a list containing given items.</doc>
<msg timestamp="20221212 14:05:16.633" level="INFO">${datatable_1} = [['Product', 'Number', 'Price'], ['Affiche encadrée The best is yet to come', '3', '34,80'], ['Illustration vectorielle Renard', '2', '10,80']]</msg>
<status status="PASS" starttime="20221212 14:05:16.632" endtime="20221212 14:05:16.634"/>
</kw>
<kw name="Log To Console" library="BuiltIn">
<arg>\n${datatable_1}</arg>
<doc>Logs the given message to the console.</doc>
<status status="PASS" starttime="20221212 14:05:16.635" endtime="20221212 14:05:16.636"/>
</kw>
<status status="PASS" starttime="20221212 14:05:16.621" endtime="20221212 14:05:16.637"/>
</test>
<status status="PASS" starttime="20221212 14:05:15.215" endtime="20221212 14:05:16.642"/>
</suite>
<statistics>
<total>
<stat pass="1" fail="0" skip="0">All Tests</stat>
</total>
<tag>
</tag>
<suite>
<stat pass="1" fail="0" skip="0" id="s1" name="Test">Test</stat>
</suite>
</statistics>
<errors>
</errors>
</robot>
