<?xml version="1.0" encoding="UTF-8"?>
<robot generator="Robot 5.0.1 (Python 3.9.13 on win32)" generated="20221213 16:34:18.294" rpa="false" schemaversion="3">
<suite id="s1" name="Test" source="c:\Users\aandre\Desktop\DepotGit\trainPrestashop\tests\connectdisconnect\test.robot">
<test id="s1-t1" name="Testing" line="9">
<kw name="Setup" library="setupTeardown">
<kw name="New Browser" library="Browser">
<arg>${setupTeardown}[browser]</arg>
<arg>headless=false</arg>
<tag>BrowserControl</tag>
<tag>Setter</tag>
<doc>Create a new playwright Browser with specified options.</doc>
<msg timestamp="20221213 16:34:19.379" level="INFO">{"browser": "firefox", "headless": false, "handleSIGINT": true, "handleSIGTERM": true, "handleSIGHUP": true, "timeout": 30000.0, "devtools": false, "slowMo": 0.0, "tracesDir": "C:\\Users\\aandre\\Desktop\\DepotGit\\trainPrestashop\\browser\\traces\\3cc0e1b6-64b1-469b-8465-e3435f34db5a"}</msg>
<msg timestamp="20221213 16:34:20.310" level="INFO">Successfully created browser with options: {"browser":"firefox","headless":false,"handleSIGINT":true,"handleSIGTERM":true,"handleSIGHUP":true,"timeout":30000,"devtools":false,"slowMo":0,"tracesDir":"C:\\Users\\aandre\\Desktop\\DepotGit\\trainPrestashop\\browser\\traces\\3cc0e1b6-64b1-469b-8465-e3435f34db5a"}</msg>
<status status="PASS" starttime="20221213 16:34:19.378" endtime="20221213 16:34:20.311"/>
</kw>
<kw name="New Page" library="Browser">
<arg>url=${setupTeardown}[url]</arg>
<tag>BrowserControl</tag>
<tag>Setter</tag>
<doc>Open a new Page.</doc>
<msg timestamp="20221213 16:34:22.227" level="INFO">Successfully initialized new page object and opened url: https://sut-test-adrian.squashcloud.io/</msg>
<msg timestamp="20221213 16:34:22.228" level="INFO">No context was open. New context was automatically opened when this page is created.</msg>
<status status="PASS" starttime="20221213 16:34:20.311" endtime="20221213 16:34:22.228"/>
</kw>
<status status="PASS" starttime="20221213 16:34:19.378" endtime="20221213 16:34:22.228"/>
</kw>
<kw name="i add &quot;2&quot; random articles in the cart" library="cartManagment">
<kw name="Go to clothes" library="header">
<kw name="Wait For Elements State" library="Browser">
<arg>${headerLocator}[buttonClothes]</arg>
<arg>visible</arg>
<tag>PageContent</tag>
<tag>Wait</tag>
<doc>Waits for the element found by ``selector`` to satisfy state option.</doc>
<msg timestamp="20221213 16:34:22.342" level="INFO">Waited for Element with selector //a[@href="https://sut-test-adrian.squashcloud.io/3-vetements"] at state visible</msg>
<status status="PASS" starttime="20221213 16:34:22.233" endtime="20221213 16:34:22.343"/>
</kw>
<kw name="Click" library="Browser">
<arg>${headerLocator}[buttonClothes]</arg>
<tag>PageContent</tag>
<tag>Setter</tag>
<doc>Simulates mouse click on the element found by ``selector``.</doc>
<status status="PASS" starttime="20221213 16:34:22.343" endtime="20221213 16:34:22.577"/>
</kw>
<status status="PASS" starttime="20221213 16:34:22.231" endtime="20221213 16:34:22.577"/>
</kw>
<kw name="Choose cloth article" library="clothes">
<arg>T-shirt imprimé colibri</arg>
<kw name="Click" library="Browser">
<arg>xpath=//a[.="${choice}"]</arg>
<tag>PageContent</tag>
<tag>Setter</tag>
<doc>Simulates mouse click on the element found by ``selector``.</doc>
<status status="PASS" starttime="20221213 16:34:22.578" endtime="20221213 16:34:23.023"/>
</kw>
<status status="PASS" starttime="20221213 16:34:22.577" endtime="20221213 16:34:23.023"/>
</kw>
<kw name="Add to cart" library="article">
<kw name="Click" library="Browser">
<arg>${articleLocator}[addtocart]</arg>
<tag>PageContent</tag>
<tag>Setter</tag>
<doc>Simulates mouse click on the element found by ``selector``.</doc>
<status status="PASS" starttime="20221213 16:34:23.024" endtime="20221213 16:34:23.355"/>
</kw>
<kw name="Click" library="Browser">
<arg>${articleLocator}[continuemyshop]</arg>
<tag>PageContent</tag>
<tag>Setter</tag>
<doc>Simulates mouse click on the element found by ``selector``.</doc>
<status status="PASS" starttime="20221213 16:34:23.355" endtime="20221213 16:34:24.190"/>
</kw>
<status status="PASS" starttime="20221213 16:34:23.024" endtime="20221213 16:34:24.190"/>
</kw>
<kw name="Return home" library="header">
<kw name="Wait For Elements State" library="Browser">
<arg>${headerLocator}[homebutton]</arg>
<arg>visible</arg>
<tag>PageContent</tag>
<tag>Wait</tag>
<doc>Waits for the element found by ``selector`` to satisfy state option.</doc>
<msg timestamp="20221213 16:34:24.204" level="INFO">Waited for Element with selector //div[@id="_desktop_logo"] at state visible</msg>
<status status="PASS" starttime="20221213 16:34:24.191" endtime="20221213 16:34:24.204"/>
</kw>
<kw name="Click" library="Browser">
<arg>${headerLocator}[homebutton]</arg>
<tag>PageContent</tag>
<tag>Setter</tag>
<doc>Simulates mouse click on the element found by ``selector``.</doc>
<status status="PASS" starttime="20221213 16:34:24.204" endtime="20221213 16:34:24.717"/>
</kw>
<status status="PASS" starttime="20221213 16:34:24.190" endtime="20221213 16:34:24.718"/>
</kw>
<kw name="Go to clothes" library="header">
<kw name="Wait For Elements State" library="Browser">
<arg>${headerLocator}[buttonClothes]</arg>
<arg>visible</arg>
<tag>PageContent</tag>
<tag>Wait</tag>
<doc>Waits for the element found by ``selector`` to satisfy state option.</doc>
<msg timestamp="20221213 16:34:24.845" level="INFO">Waited for Element with selector //a[@href="https://sut-test-adrian.squashcloud.io/3-vetements"] at state visible</msg>
<status status="PASS" starttime="20221213 16:34:24.719" endtime="20221213 16:34:24.845"/>
</kw>
<kw name="Click" library="Browser">
<arg>${headerLocator}[buttonClothes]</arg>
<tag>PageContent</tag>
<tag>Setter</tag>
<doc>Simulates mouse click on the element found by ``selector``.</doc>
<status status="PASS" starttime="20221213 16:34:24.846" endtime="20221213 16:34:25.166"/>
</kw>
<status status="PASS" starttime="20221213 16:34:24.718" endtime="20221213 16:34:25.167"/>
</kw>
<kw name="Choose cloth article" library="clothes">
<arg>Pull imprimé colibri</arg>
<kw name="Click" library="Browser">
<arg>xpath=//a[.="${choice}"]</arg>
<tag>PageContent</tag>
<tag>Setter</tag>
<doc>Simulates mouse click on the element found by ``selector``.</doc>
<status status="PASS" starttime="20221213 16:34:25.170" endtime="20221213 16:34:25.587"/>
</kw>
<status status="PASS" starttime="20221213 16:34:25.168" endtime="20221213 16:34:25.587"/>
</kw>
<kw name="Add to cart" library="article">
<kw name="Click" library="Browser">
<arg>${articleLocator}[addtocart]</arg>
<tag>PageContent</tag>
<tag>Setter</tag>
<doc>Simulates mouse click on the element found by ``selector``.</doc>
<status status="PASS" starttime="20221213 16:34:25.588" endtime="20221213 16:34:25.850"/>
</kw>
<kw name="Click" library="Browser">
<arg>${articleLocator}[continuemyshop]</arg>
<tag>PageContent</tag>
<tag>Setter</tag>
<doc>Simulates mouse click on the element found by ``selector``.</doc>
<status status="PASS" starttime="20221213 16:34:25.851" endtime="20221213 16:34:26.687"/>
</kw>
<status status="PASS" starttime="20221213 16:34:25.588" endtime="20221213 16:34:26.687"/>
</kw>
<status status="PASS" starttime="20221213 16:34:22.230" endtime="20221213 16:34:26.688"/>
</kw>
<kw name="Go to cart" library="header">
<kw name="Wait For Elements State" library="Browser">
<arg>${headerLocator}[cartbutton]</arg>
<arg>visible</arg>
<tag>PageContent</tag>
<tag>Wait</tag>
<doc>Waits for the element found by ``selector`` to satisfy state option.</doc>
<msg timestamp="20221213 16:34:26.701" level="INFO">Waited for Element with selector //span[.="Panier"] at state visible</msg>
<status status="PASS" starttime="20221213 16:34:26.689" endtime="20221213 16:34:26.702"/>
</kw>
<kw name="Click" library="Browser">
<arg>${headerLocator}[cartbutton]</arg>
<tag>PageContent</tag>
<tag>Setter</tag>
<doc>Simulates mouse click on the element found by ``selector``.</doc>
<status status="PASS" starttime="20221213 16:34:26.702" endtime="20221213 16:34:27.216"/>
</kw>
<status status="PASS" starttime="20221213 16:34:26.688" endtime="20221213 16:34:27.217"/>
</kw>
<kw name="test int" library="header">
<kw name="Set Variable" library="BuiltIn">
<var>${totalprice}</var>
<arg>0</arg>
<doc>Returns the given values which can then be assigned to a variables.</doc>
<msg timestamp="20221213 16:34:27.219" level="INFO">${totalprice} = 0</msg>
<status status="PASS" starttime="20221213 16:34:27.219" endtime="20221213 16:34:27.219"/>
</kw>
<kw name="Get Elements" library="Browser">
<var>@{webelement}</var>
<arg>${headerLocator}[price]</arg>
<tag>Getter</tag>
<tag>PageContent</tag>
<doc>Returns a reference to Playwright [https://playwright.dev/docs/api/class-locator|Locator]
for all matched elements by ``selector``.</doc>
<msg timestamp="20221213 16:34:27.427" level="INFO">Found 2 Locators successfully.</msg>
<msg timestamp="20221213 16:34:27.428" level="INFO">@{webelement} = [ element=7475b3b6-2183-452d-be4c-59709591f3bd | element=6f74add9-4a2b-4fd8-823e-f200ebd187ea ]</msg>
<status status="PASS" starttime="20221213 16:34:27.220" endtime="20221213 16:34:27.428"/>
</kw>
<kw name="Create List" library="BuiltIn">
<var>@{listprice}</var>
<doc>Returns a list containing given items.</doc>
<msg timestamp="20221213 16:34:27.430" level="INFO">@{listprice} = [ ]</msg>
<status status="PASS" starttime="20221213 16:34:27.429" endtime="20221213 16:34:27.430"/>
</kw>
<for flavor="IN">
<var>${element}</var>
<value>@{webelement}</value>
<iter>
<var name="${element}">element=7475b3b6-2183-452d-be4c-59709591f3bd</var>
<kw name="Convert price to number" library="convertprice">
<var>${int}</var>
<arg>${element}</arg>
<kw name="Get Text" library="Browser">
<var>${price}</var>
<arg>${element}</arg>
<tag>Assertion</tag>
<tag>Getter</tag>
<tag>PageContent</tag>
<doc>Returns text attribute of the element found by ``selector``.</doc>
<msg timestamp="20221213 16:34:27.478" level="INFO">${price} = 22,94 €</msg>
<status status="PASS" starttime="20221213 16:34:27.433" endtime="20221213 16:34:27.479"/>
</kw>
<kw name="Remove String Using Regexp" library="String">
<var>${nodevise}</var>
<arg>${price}</arg>
<arg>([^0-9.,])</arg>
<doc>Removes ``patterns`` from the given ``string``.</doc>
<msg timestamp="20221213 16:34:27.482" level="INFO">${nodevise} = 22,94</msg>
<status status="PASS" starttime="20221213 16:34:27.480" endtime="20221213 16:34:27.482"/>
</kw>
<kw name="Replace String" library="String">
<var>${convert}</var>
<arg>${nodevise}</arg>
<arg>,</arg>
<arg>.</arg>
<doc>Replaces ``search_for`` in the given ``string`` with ``replace_with``.</doc>
<msg timestamp="20221213 16:34:27.483" level="INFO">${convert} = 22.94</msg>
<status status="PASS" starttime="20221213 16:34:27.482" endtime="20221213 16:34:27.483"/>
</kw>
<kw name="Convert To Number" library="BuiltIn">
<var>${int}</var>
<arg>${convert}</arg>
<doc>Converts the given item to a floating point number.</doc>
<msg timestamp="20221213 16:34:27.484" level="INFO">${int} = 22.94</msg>
<status status="PASS" starttime="20221213 16:34:27.483" endtime="20221213 16:34:27.484"/>
</kw>
<msg timestamp="20221213 16:34:27.484" level="INFO">${int} = 22.94</msg>
<status status="PASS" starttime="20221213 16:34:27.432" endtime="20221213 16:34:27.484"/>
</kw>
<kw name="Append To List" library="Collections">
<arg>${listprice}</arg>
<arg>${int}</arg>
<doc>Adds ``values`` to the end of ``list``.</doc>
<status status="PASS" starttime="20221213 16:34:27.484" endtime="20221213 16:34:27.485"/>
</kw>
<status status="PASS" starttime="20221213 16:34:27.432" endtime="20221213 16:34:27.485"/>
</iter>
<iter>
<var name="${element}">element=6f74add9-4a2b-4fd8-823e-f200ebd187ea</var>
<kw name="Convert price to number" library="convertprice">
<var>${int}</var>
<arg>${element}</arg>
<kw name="Get Text" library="Browser">
<var>${price}</var>
<arg>${element}</arg>
<tag>Assertion</tag>
<tag>Getter</tag>
<tag>PageContent</tag>
<doc>Returns text attribute of the element found by ``selector``.</doc>
<msg timestamp="20221213 16:34:27.521" level="INFO">${price} = 34,46 €</msg>
<status status="PASS" starttime="20221213 16:34:27.486" endtime="20221213 16:34:27.521"/>
</kw>
<kw name="Remove String Using Regexp" library="String">
<var>${nodevise}</var>
<arg>${price}</arg>
<arg>([^0-9.,])</arg>
<doc>Removes ``patterns`` from the given ``string``.</doc>
<msg timestamp="20221213 16:34:27.522" level="INFO">${nodevise} = 34,46</msg>
<status status="PASS" starttime="20221213 16:34:27.521" endtime="20221213 16:34:27.522"/>
</kw>
<kw name="Replace String" library="String">
<var>${convert}</var>
<arg>${nodevise}</arg>
<arg>,</arg>
<arg>.</arg>
<doc>Replaces ``search_for`` in the given ``string`` with ``replace_with``.</doc>
<msg timestamp="20221213 16:34:27.523" level="INFO">${convert} = 34.46</msg>
<status status="PASS" starttime="20221213 16:34:27.522" endtime="20221213 16:34:27.523"/>
</kw>
<kw name="Convert To Number" library="BuiltIn">
<var>${int}</var>
<arg>${convert}</arg>
<doc>Converts the given item to a floating point number.</doc>
<msg timestamp="20221213 16:34:27.523" level="INFO">${int} = 34.46</msg>
<status status="PASS" starttime="20221213 16:34:27.523" endtime="20221213 16:34:27.524"/>
</kw>
<msg timestamp="20221213 16:34:27.524" level="INFO">${int} = 34.46</msg>
<status status="PASS" starttime="20221213 16:34:27.485" endtime="20221213 16:34:27.524"/>
</kw>
<kw name="Append To List" library="Collections">
<arg>${listprice}</arg>
<arg>${int}</arg>
<doc>Adds ``values`` to the end of ``list``.</doc>
<status status="PASS" starttime="20221213 16:34:27.524" endtime="20221213 16:34:27.525"/>
</kw>
<status status="PASS" starttime="20221213 16:34:27.485" endtime="20221213 16:34:27.525"/>
</iter>
<status status="PASS" starttime="20221213 16:34:27.431" endtime="20221213 16:34:27.525"/>
</for>
<for flavor="IN">
<var>${price}</var>
<value>@{listprice}</value>
<iter>
<var name="${price}">22.94</var>
<kw name="Evaluate" library="BuiltIn">
<var>${totalprice}</var>
<arg>round(${price}+${totalprice},2)</arg>
<doc>Evaluates the given expression in Python and returns the result.</doc>
<msg timestamp="20221213 16:34:27.526" level="INFO">${totalprice} = 22.94</msg>
<status status="PASS" starttime="20221213 16:34:27.526" endtime="20221213 16:34:27.526"/>
</kw>
<status status="PASS" starttime="20221213 16:34:27.525" endtime="20221213 16:34:27.527"/>
</iter>
<iter>
<var name="${price}">34.46</var>
<kw name="Evaluate" library="BuiltIn">
<var>${totalprice}</var>
<arg>round(${price}+${totalprice},2)</arg>
<doc>Evaluates the given expression in Python and returns the result.</doc>
<msg timestamp="20221213 16:34:27.527" level="INFO">${totalprice} = 57.4</msg>
<status status="PASS" starttime="20221213 16:34:27.527" endtime="20221213 16:34:27.528"/>
</kw>
<status status="PASS" starttime="20221213 16:34:27.527" endtime="20221213 16:34:27.528"/>
</iter>
<status status="PASS" starttime="20221213 16:34:27.525" endtime="20221213 16:34:27.528"/>
</for>
<kw name="Convert number to price" library="convertprice">
<var>${totalpricestring}</var>
<arg>${totalprice}</arg>
<kw name="Convert To String" library="BuiltIn">
<var>${stringprice}</var>
<arg>${price}</arg>
<doc>Converts the given item to a Unicode string.</doc>
<msg timestamp="20221213 16:34:27.530" level="INFO">${stringprice} = 57.4</msg>
<status status="PASS" starttime="20221213 16:34:27.529" endtime="20221213 16:34:27.530"/>
</kw>
<kw name="Replace String" library="String">
<var>${result}</var>
<arg>${stringprice}</arg>
<arg>.</arg>
<arg>,</arg>
<doc>Replaces ``search_for`` in the given ``string`` with ``replace_with``.</doc>
<msg timestamp="20221213 16:34:27.531" level="INFO">${result} = 57,4</msg>
<status status="PASS" starttime="20221213 16:34:27.530" endtime="20221213 16:34:27.531"/>
</kw>
<msg timestamp="20221213 16:34:27.532" level="INFO">${totalpricestring} = 57,4</msg>
<status status="PASS" starttime="20221213 16:34:27.528" endtime="20221213 16:34:27.532"/>
</kw>
<kw name="Get Element" library="Browser">
<arg>xpath=//div[@id="cart-subtotal-products"]//span[contains(text(),"${totalpricestring}")]</arg>
<tag>Getter</tag>
<tag>PageContent</tag>
<doc>Returns a reference to a Playwright [https://playwright.dev/docs/api/class-locator|Locator].</doc>
<msg timestamp="20221213 16:34:27.546" level="INFO">Locator found successfully.</msg>
<status status="PASS" starttime="20221213 16:34:27.532" endtime="20221213 16:34:27.547"/>
</kw>
<status status="PASS" starttime="20221213 16:34:27.218" endtime="20221213 16:34:27.548"/>
</kw>
<status status="PASS" starttime="20221213 16:34:19.374" endtime="20221213 16:34:27.549"/>
</test>
<status status="PASS" starttime="20221213 16:34:18.301" endtime="20221213 16:34:27.610"/>
</suite>
<statistics>
<total>
<stat pass="1" fail="0" skip="0">All Tests</stat>
</total>
<tag>
</tag>
<suite>
<stat pass="1" fail="0" skip="0" id="s1" name="Test">Test</stat>
</suite>
</statistics>
<errors>
</errors>
</robot>
