<?xml version="1.0" encoding="UTF-8"?>
<robot generator="Robot 5.0.1 (Python 3.9.13 on win32)" generated="20221212 14:40:25.742" rpa="false" schemaversion="3">
<suite id="s1" name="Test De Connexion Et Déconnexion Ko" source="c:\Users\aandre\Desktop\DepotGit\trainPrestashop\tests\connectdisconnect\test de connexion et déconnexion ko.robot">
<test id="s1-t1" name="Test de connexion et déconnexion KO" line="23">
<kw name="Test Setup" type="SETUP">
<kw name="Get Variable Value" library="BuiltIn">
<var>${__TEST_SETUP}</var>
<arg>${TEST SETUP}</arg>
<doc>Returns variable value or ``default`` if the variable does not exist.</doc>
<msg timestamp="20221212 14:40:27.188" level="INFO">${__TEST_SETUP} = Setup</msg>
<status status="PASS" starttime="20221212 14:40:27.188" endtime="20221212 14:40:27.189"/>
</kw>
<kw name="Get Variable Value" library="BuiltIn">
<var>${__TEST_2_SETUP}</var>
<arg>${TEST 2 SETUP}</arg>
<doc>Returns variable value or ``default`` if the variable does not exist.</doc>
<msg timestamp="20221212 14:40:27.193" level="INFO">${__TEST_2_SETUP} = None</msg>
<status status="PASS" starttime="20221212 14:40:27.190" endtime="20221212 14:40:27.193"/>
</kw>
<kw name="Run Keyword If" library="BuiltIn">
<arg>$__TEST_SETUP is not None</arg>
<arg>${__TEST_SETUP}</arg>
<doc>Runs the given keyword with the given arguments, if ``condition`` is true.</doc>
<kw name="Setup" library="setupTeardown">
<kw name="New Browser" library="Browser">
<arg>${setupTeardown}[browser]</arg>
<arg>headless=false</arg>
<tag>BrowserControl</tag>
<tag>Setter</tag>
<doc>Create a new playwright Browser with specified options.</doc>
<msg timestamp="20221212 14:40:27.200" level="INFO">{"browser": "firefox", "headless": false, "handleSIGINT": true, "handleSIGTERM": true, "handleSIGHUP": true, "timeout": 30000.0, "devtools": false, "slowMo": 0.0, "tracesDir": "C:\\Users\\aandre\\Desktop\\DepotGit\\trainPrestashop\\browser\\traces\\98a5307c-5a4a-4890-aa89-87fa9d618f26"}</msg>
<msg timestamp="20221212 14:40:28.172" level="INFO">Successfully created browser with options: {"browser":"firefox","headless":false,"handleSIGINT":true,"handleSIGTERM":true,"handleSIGHUP":true,"timeout":30000,"devtools":false,"slowMo":0,"tracesDir":"C:\\Users\\aandre\\Desktop\\DepotGit\\trainPrestashop\\browser\\traces\\98a5307c-5a4a-4890-aa89-87fa9d618f26"}</msg>
<status status="PASS" starttime="20221212 14:40:27.199" endtime="20221212 14:40:28.173"/>
</kw>
<kw name="New Page" library="Browser">
<arg>url=${setupTeardown}[url]</arg>
<tag>BrowserControl</tag>
<tag>Setter</tag>
<doc>Open a new Page.</doc>
<msg timestamp="20221212 14:40:31.605" level="INFO">Successfully initialized new page object and opened url: https://sut-test-adrian.squashcloud.io/</msg>
<msg timestamp="20221212 14:40:31.605" level="INFO">No context was open. New context was automatically opened when this page is created.</msg>
<status status="PASS" starttime="20221212 14:40:28.173" endtime="20221212 14:40:31.606"/>
</kw>
<status status="PASS" starttime="20221212 14:40:27.199" endtime="20221212 14:40:31.606"/>
</kw>
<status status="PASS" starttime="20221212 14:40:27.193" endtime="20221212 14:40:31.607"/>
</kw>
<kw name="Run Keyword If" library="BuiltIn">
<arg>$__TEST_2_SETUP is not None</arg>
<arg>${__TEST_2_SETUP}</arg>
<doc>Runs the given keyword with the given arguments, if ``condition`` is true.</doc>
<status status="PASS" starttime="20221212 14:40:31.607" endtime="20221212 14:40:31.608"/>
</kw>
<status status="PASS" starttime="20221212 14:40:27.187" endtime="20221212 14:40:31.609"/>
</kw>
<kw name="Given je suis sur la page d'accueil" library="steplogin">
<kw name="Check home page" library="home">
<kw name="Get Element" library="Browser">
<arg>${homeLocator}[title]</arg>
<tag>Getter</tag>
<tag>PageContent</tag>
<doc>Returns a reference to a Playwright [https://playwright.dev/docs/api/class-locator|Locator].</doc>
<msg timestamp="20221212 14:40:31.730" level="INFO">Locator found successfully.</msg>
<status status="PASS" starttime="20221212 14:40:31.612" endtime="20221212 14:40:31.731"/>
</kw>
<status status="PASS" starttime="20221212 14:40:31.611" endtime="20221212 14:40:31.731"/>
</kw>
<status status="PASS" starttime="20221212 14:40:31.610" endtime="20221212 14:40:31.731"/>
</kw>
<kw name="When Je clique sur le bouton de connexion" library="steplogin">
<kw name="Click button connexion home" library="home">
<kw name="Click" library="Browser">
<arg>${homeLocator}[connectbuttonHome]</arg>
<tag>PageContent</tag>
<tag>Setter</tag>
<doc>Simulates mouse click on the element found by ``selector``.</doc>
<status status="PASS" starttime="20221212 14:40:31.735" endtime="20221212 14:40:32.022"/>
</kw>
<status status="PASS" starttime="20221212 14:40:31.734" endtime="20221212 14:40:32.023"/>
</kw>
<status status="PASS" starttime="20221212 14:40:31.733" endtime="20221212 14:40:32.023"/>
</kw>
<kw name="Then Une page de connexion s'ouvre avec un champ E-mail , Mot de passe ,un lien Mot de passe oublié ? , un bouton connexion et un lien Pas de compte ? Créez-en un" library="steplogin">
<kw name="Check forgotPwdLink" library="login">
<kw name="Get Element" library="Browser">
<arg>${loginLocator}[forgotPwdLink]</arg>
<tag>Getter</tag>
<tag>PageContent</tag>
<doc>Returns a reference to a Playwright [https://playwright.dev/docs/api/class-locator|Locator].</doc>
<msg timestamp="20221212 14:40:32.238" level="INFO">Locator found successfully.</msg>
<status status="PASS" starttime="20221212 14:40:32.027" endtime="20221212 14:40:32.239"/>
</kw>
<status status="PASS" starttime="20221212 14:40:32.026" endtime="20221212 14:40:32.239"/>
</kw>
<kw name="Check no accountLink" library="login">
<kw name="Get Element" library="Browser">
<arg>${loginLocator}[noAccountLink]</arg>
<tag>Getter</tag>
<tag>PageContent</tag>
<doc>Returns a reference to a Playwright [https://playwright.dev/docs/api/class-locator|Locator].</doc>
<msg timestamp="20221212 14:40:32.303" level="INFO">Locator found successfully.</msg>
<status status="PASS" starttime="20221212 14:40:32.240" endtime="20221212 14:40:32.304"/>
</kw>
<status status="PASS" starttime="20221212 14:40:32.240" endtime="20221212 14:40:32.305"/>
</kw>
<status status="PASS" starttime="20221212 14:40:32.025" endtime="20221212 14:40:32.306"/>
</kw>
<kw name="When Je rempli les champs E-mail : ${login} et Mot de passe : ${mdp}" library="steplogin" sourcename="Je rempli les champs E-mail : ${login} et Mot de passe : ${mdp}">
<kw name="Set email" library="login">
<arg>toto@aol.com</arg>
<doc>It's used to input text and clear email field</doc>
<kw name="Fill Text" library="Browser">
<arg>${loginLocator}[emailField]</arg>
<arg>${login}</arg>
<tag>PageContent</tag>
<tag>Setter</tag>
<doc>Clears and fills the given ``txt`` into the text field found by ``selector``.</doc>
<msg timestamp="20221212 14:40:32.309" level="INFO">Fills the text 'toto@aol.com' in the given field.</msg>
<status status="PASS" starttime="20221212 14:40:32.309" endtime="20221212 14:40:32.351"/>
</kw>
<status status="PASS" starttime="20221212 14:40:32.308" endtime="20221212 14:40:32.351"/>
</kw>
<kw name="Set pwd" library="login">
<arg>Totototo!</arg>
<doc>It's used to input pwd and clear pwd field</doc>
<kw name="Fill Text" library="Browser">
<arg>${loginLocator}[pwdField]</arg>
<arg>${pwd}</arg>
<tag>PageContent</tag>
<tag>Setter</tag>
<doc>Clears and fills the given ``txt`` into the text field found by ``selector``.</doc>
<msg timestamp="20221212 14:40:32.356" level="INFO">Fills the text 'Totototo!' in the given field.</msg>
<status status="PASS" starttime="20221212 14:40:32.353" endtime="20221212 14:40:32.391"/>
</kw>
<status status="PASS" starttime="20221212 14:40:32.352" endtime="20221212 14:40:32.392"/>
</kw>
<status status="PASS" starttime="20221212 14:40:32.307" endtime="20221212 14:40:32.393"/>
</kw>
<kw name="And Je clique sur le bouton connexion de la fenêtre connexion" library="steplogin">
<kw name="Click button Connexion" library="login">
<kw name="Click" library="Browser">
<arg>${loginLocator}[buttonConnexion]</arg>
<tag>PageContent</tag>
<tag>Setter</tag>
<doc>Simulates mouse click on the element found by ``selector``.</doc>
<status status="PASS" starttime="20221212 14:40:32.395" endtime="20221212 14:40:32.797"/>
</kw>
<status status="PASS" starttime="20221212 14:40:32.394" endtime="20221212 14:40:32.798"/>
</kw>
<status status="PASS" starttime="20221212 14:40:32.394" endtime="20221212 14:40:32.798"/>
</kw>
<kw name="Then Je suis redirigé vers l'accueil avec mon Nom et Prénom et une bouton Déconnexion dans le coin supérieur droit" library="steplogin">
<kw name="Check home page" library="home">
<kw name="Get Element" library="Browser">
<arg>${homeLocator}[title]</arg>
<tag>Getter</tag>
<tag>PageContent</tag>
<doc>Returns a reference to a Playwright [https://playwright.dev/docs/api/class-locator|Locator].</doc>
<msg timestamp="20221212 14:40:32.996" level="INFO">Locator found successfully.</msg>
<status status="PASS" starttime="20221212 14:40:32.801" endtime="20221212 14:40:32.996"/>
</kw>
<status status="PASS" starttime="20221212 14:40:32.800" endtime="20221212 14:40:32.996"/>
</kw>
<kw name="Check name home" library="home">
<arg>test</arg>
<arg>Coucou</arg>
<try>
<branch type="TRY">
<kw name="Get Element" library="Browser">
<arg>//input[.="${name} ${lastname}"]</arg>
<tag>Getter</tag>
<tag>PageContent</tag>
<doc>Returns a reference to a Playwright [https://playwright.dev/docs/api/class-locator|Locator].</doc>
<msg timestamp="20221212 14:40:43.124" level="INFO" html="true">&lt;/td&gt;&lt;/tr&gt;&lt;tr&gt;&lt;td colspan="3"&gt;&lt;a href="browser/screenshot/fail-screenshot-1.png"&gt;&lt;img src="browser/screenshot/fail-screenshot-1.png" width="800px"&gt;&lt;/a&gt;</msg>
<msg timestamp="20221212 14:40:43.125" level="FAIL">TimeoutError: locator.elementHandle: Timeout 10000ms exceeded.
=========================== logs ===========================
waiting for selector "//input[.="test Coucou"]"
============================================================
Tip: Use "Set Browser Timeout" for increasing the timeout or double check your locator as the targeted element(s) couldn't be found.</msg>
<status status="FAIL" starttime="20221212 14:40:32.998" endtime="20221212 14:40:43.128"/>
</kw>
<status status="FAIL" starttime="20221212 14:40:32.998" endtime="20221212 14:40:43.129"/>
</branch>
<branch type="EXCEPT">
<kw name="Log" library="BuiltIn">
<arg>votre WebElement n'existe pas mais j'ai une solution pour vous</arg>
<arg>level=INFO</arg>
<doc>Logs the given message with the given level.</doc>
<msg timestamp="20221212 14:40:43.129" level="INFO">votre WebElement n'existe pas mais j'ai une solution pour vous</msg>
<status status="PASS" starttime="20221212 14:40:43.129" endtime="20221212 14:40:43.130"/>
</kw>
<status status="PASS" starttime="20221212 14:40:43.129" endtime="20221212 14:40:43.130"/>
</branch>
<status status="PASS" starttime="20221212 14:40:32.997" endtime="20221212 14:40:43.130"/>
</try>
<kw name="Get Element" library="Browser">
<arg>//span[.="${name} ${lastname}"]</arg>
<tag>Getter</tag>
<tag>PageContent</tag>
<doc>Returns a reference to a Playwright [https://playwright.dev/docs/api/class-locator|Locator].</doc>
<msg timestamp="20221212 14:40:43.160" level="INFO">Locator found successfully.</msg>
<status status="PASS" starttime="20221212 14:40:43.130" endtime="20221212 14:40:43.160"/>
</kw>
<status status="PASS" starttime="20221212 14:40:32.997" endtime="20221212 14:40:43.161"/>
</kw>
<status status="PASS" starttime="20221212 14:40:32.799" endtime="20221212 14:40:43.161"/>
</kw>
<kw name="Test Teardown" type="TEARDOWN">
<kw name="Get Variable Value" library="BuiltIn">
<var>${__TEST_2_TEARDOWN}</var>
<arg>${TEST 2 TEARDOWN}</arg>
<doc>Returns variable value or ``default`` if the variable does not exist.</doc>
<msg timestamp="20221212 14:40:43.165" level="INFO">${__TEST_2_TEARDOWN} = None</msg>
<status status="PASS" starttime="20221212 14:40:43.163" endtime="20221212 14:40:43.165"/>
</kw>
<kw name="Get Variable Value" library="BuiltIn">
<var>${__TEST_TEARDOWN}</var>
<arg>${TEST TEARDOWN}</arg>
<doc>Returns variable value or ``default`` if the variable does not exist.</doc>
<msg timestamp="20221212 14:40:43.167" level="INFO">${__TEST_TEARDOWN} = Teardown</msg>
<status status="PASS" starttime="20221212 14:40:43.166" endtime="20221212 14:40:43.168"/>
</kw>
<kw name="Run Keyword If" library="BuiltIn">
<arg>$__TEST_2_TEARDOWN is not None</arg>
<arg>${__TEST_2_TEARDOWN}</arg>
<doc>Runs the given keyword with the given arguments, if ``condition`` is true.</doc>
<status status="PASS" starttime="20221212 14:40:43.168" endtime="20221212 14:40:43.169"/>
</kw>
<kw name="Run Keyword If" library="BuiltIn">
<arg>$__TEST_TEARDOWN is not None</arg>
<arg>${__TEST_TEARDOWN}</arg>
<doc>Runs the given keyword with the given arguments, if ``condition`` is true.</doc>
<kw name="Teardown" library="setupTeardown">
<kw name="Close Browser" library="Browser">
<tag>BrowserControl</tag>
<tag>Setter</tag>
<doc>Closes the current browser.</doc>
<msg timestamp="20221212 14:40:43.804" level="INFO">Closed browser</msg>
<status status="PASS" starttime="20221212 14:40:43.172" endtime="20221212 14:40:43.804"/>
</kw>
<status status="PASS" starttime="20221212 14:40:43.171" endtime="20221212 14:40:43.805"/>
</kw>
<status status="PASS" starttime="20221212 14:40:43.170" endtime="20221212 14:40:43.805"/>
</kw>
<status status="PASS" starttime="20221212 14:40:43.162" endtime="20221212 14:40:43.806"/>
</kw>
<status status="PASS" starttime="20221212 14:40:27.183" endtime="20221212 14:40:43.806"/>
</test>
<status status="PASS" starttime="20221212 14:40:25.751" endtime="20221212 14:40:43.811"/>
</suite>
<statistics>
<total>
<stat pass="1" fail="0" skip="0">All Tests</stat>
</total>
<tag>
</tag>
<suite>
<stat pass="1" fail="0" skip="0" id="s1" name="Test De Connexion Et Déconnexion Ko">Test De Connexion Et Déconnexion Ko</stat>
</suite>
</statistics>
<errors>
<msg timestamp="20221212 14:40:26.623" level="ERROR">Error in file 'c:\Users\aandre\Desktop\DepotGit\trainPrestashop\tests\connectdisconnect\test de connexion et déconnexion ko.robot' on line 3: Importing library 'squash_tf.TFParamService' failed: ModuleNotFoundError: No module named 'squash_tf'
Traceback (most recent call last):
  None
PYTHONPATH:
  c:\Users\aandre\Desktop\DepotGit\trainPrestashop
  c:\Users\aandre\.vscode\extensions\robocorp.robotframework-lsp-1.6.0\src\robotframework_debug_adapter
  c:\Users\aandre\Desktop\DepotGit\trainPrestashop
  c:\Users\aandre\.vscode\extensions\robocorp.robotframework-lsp-1.6.0\src
  c:\Users\aandre\.vscode\extensions\robocorp.robotframework-lsp-1.6.0\src\robotframework_ls\vendored
  c:\ProgramData\robocorp\ht\74b117d_b1f3c24_6cd60f16\python39.zip
  c:\ProgramData\robocorp\ht\74b117d_b1f3c24_6cd60f16\DLLs
  c:\ProgramData\robocorp\ht\74b117d_b1f3c24_6cd60f16\lib
  c:\ProgramData\robocorp\ht\74b117d_b1f3c24_6cd60f16
  c:\ProgramData\robocorp\ht
  c:\ProgramData\robocorp\ht\74b117d_b1f3c24_6cd60f16\lib\site-packages
  c:\ProgramData\robocorp\ht\74b117d_b1f3c24_6cd60f16\lib\site-packages\win32
  c:\ProgramData\robocorp\ht\74b117d_b1f3c24_6cd60f16\lib\site-packages\win32\lib
  c:\ProgramData\robocorp\ht\74b117d_b1f3c24_6cd60f16\lib\site-packages\Pythonwin</msg>
</errors>
</robot>
